#
# There is insufficient memory for the Java Runtime Environment to continue.
# Native memory allocation (mmap) failed to map 154140672 bytes for committing reserved memory.
# Possible reasons:
#   The system is out of physical RAM or swap space
#   In 32 bit mode, the process size limit was hit
# Possible solutions:
#   Reduce memory load on the system
#   Increase physical memory or swap space
#   Check if swap backing store is full
#   Use 64 bit Java on a 64 bit OS
#   Decrease Java heap size (-Xmx/-Xms)
#   Decrease number of Java threads
#   Decrease Java thread stack sizes (-Xss)
#   Set larger code cache with -XX:ReservedCodeCacheSize=
# This output file may be truncated or incomplete.
#
#  Out of Memory Error (os_linux.cpp:2627), pid=7812, tid=0x00007f2dbc266700
#
# JRE version: OpenJDK Runtime Environment (8.0_76-b03) (build 1.8.0_76-release-b03)
# Java VM: OpenJDK 64-Bit Server VM (25.76-b03 mixed mode linux-amd64 compressed oops)
# Failed to write core dump. Core dumps have been disabled. To enable core dumping, try "ulimit -c unlimited" before starting Java again
#

---------------  T H R E A D  ---------------

Current thread (0x00007f2db8077800):  VMThread [stack: 0x00007f2dbc166000,0x00007f2dbc267000] [id=7848]

Stack: [0x00007f2dbc166000,0x00007f2dbc267000],  sp=0x00007f2dbc2654c0,  free space=1021k
Native frames: (J=compiled Java code, j=interpreted, Vv=VM code, C=native code)
V  [libjvm.so+0x9d9fcd]  VMError::report_and_die()+0x15d
V  [libjvm.so+0x4b4d4a]  report_vm_out_of_memory(char const*, int, unsigned long, VMErrorType, char const*)+0x8a
V  [libjvm.so+0x845190]  os::pd_commit_memory(char*, unsigned long, unsigned long, bool)+0xf0
V  [libjvm.so+0x83fcbf]  os::commit_memory(char*, unsigned long, unsigned long, bool)+0x1f
V  [libjvm.so+0x8b4d9b]  PSVirtualSpace::expand_by(unsigned long)+0x5b
V  [libjvm.so+0x8b5a10]  PSYoungGen::resize_generation(unsigned long, unsigned long)+0xb0
V  [libjvm.so+0x8b5d2b]  PSYoungGen::resize(unsigned long, unsigned long)+0x1b
V  [libjvm.so+0x8b241c]  PSScavenge::invoke_no_policy()+0xdac
V  [libjvm.so+0x8b2bf8]  PSScavenge::invoke()+0x38
V  [libjvm.so+0x8681f3]  ParallelScavengeHeap::failed_mem_allocate(unsigned long)+0x63
V  [libjvm.so+0x9dba94]  VM_ParallelGCFailedAllocation::doit()+0x84
V  [libjvm.so+0x9dfe47]  VM_Operation::evaluate()+0x47
V  [libjvm.so+0x9de908]  VMThread::evaluate_operation(VM_Operation*)+0x2c8
V  [libjvm.so+0x9ded89]  VMThread::loop()+0x219
V  [libjvm.so+0x9df1d2]  VMThread::run()+0x72
V  [libjvm.so+0x8425b2]  java_start(Thread*)+0xf2

VM_Operation (0x00007f2da649af80): ParallelGCFailedAllocation, mode: safepoint, requested by thread 0x00007f2db8147000


---------------  P R O C E S S  ---------------

Java Threads: ( => current thread )
  0x00007f2db815e000 JavaThread "pool-2-thread-4" [_thread_blocked, id=7898, stack(0x00007f2da5f98000,0x00007f2da6099000)]
  0x00007f2db815c800 JavaThread "pool-2-thread-3" [_thread_blocked, id=7897, stack(0x00007f2da6099000,0x00007f2da619a000)]
  0x00007f2db8159000 JavaThread "pool-2-thread-2" [_thread_blocked, id=7896, stack(0x00007f2da619a000,0x00007f2da629b000)]
  0x00007f2db814b000 JavaThread "pool-3-thread-1" [_thread_blocked, id=7885, stack(0x00007f2da629b000,0x00007f2da639c000)]
  0x00007f2db8147000 JavaThread "pool-2-thread-1" [_thread_blocked, id=7883, stack(0x00007f2da639c000,0x00007f2da649d000)]
  0x00007f2db80bf800 JavaThread "Service Thread" daemon [_thread_blocked, id=7876, stack(0x00007f2da659e000,0x00007f2da669f000)]
  0x00007f2db80bd000 JavaThread "C1 CompilerThread2" daemon [_thread_blocked, id=7871, stack(0x00007f2da669f000,0x00007f2da67a0000)]
  0x00007f2db80bb000 JavaThread "C2 CompilerThread1" daemon [_thread_blocked, id=7869, stack(0x00007f2da67a0000,0x00007f2da68a1000)]
  0x00007f2db80b8000 JavaThread "C2 CompilerThread0" daemon [_thread_blocked, id=7867, stack(0x00007f2da68a1000,0x00007f2da69a2000)]
  0x00007f2db80b6800 JavaThread "Signal Dispatcher" daemon [_thread_blocked, id=7866, stack(0x00007f2da69a2000,0x00007f2da6aa3000)]
  0x00007f2db8084000 JavaThread "Finalizer" daemon [_thread_blocked, id=7854, stack(0x00007f2da6eff000,0x00007f2da7000000)]
  0x00007f2db807f000 JavaThread "Reference Handler" daemon [_thread_blocked, id=7853, stack(0x00007f2dbc065000,0x00007f2dbc166000)]
  0x00007f2db800a000 JavaThread "main" [_thread_blocked, id=7822, stack(0x00007f2dc1710000,0x00007f2dc1811000)]

Other Threads:
=>0x00007f2db8077800 VMThread [stack: 0x00007f2dbc166000,0x00007f2dbc267000] [id=7848]
  0x00007f2db80c2000 WatcherThread [stack: 0x00007f2da649d000,0x00007f2da659e000] [id=7878]

VM state:at safepoint (normal execution)

VM Mutex/Monitor currently owned by a thread:  ([mutex/lock_event])
[0x00007f2db80066e0] Threads_lock - owner thread: 0x00007f2db8077800
[0x00007f2db8006be0] Heap_lock - owner thread: 0x00007f2db8147000

Heap:
 PSYoungGen      total 138752K, used 18942K [0x00000000eab00000, 0x00000000f4800000, 0x0000000100000000)
  eden space 119808K, 0% used [0x00000000eab00000,0x00000000eab00000,0x00000000f2000000)
  from space 18944K, 99% used [0x00000000f2000000,0x00000000f327fa18,0x00000000f3280000)
  to   space 15872K, 0% used [0x00000000f3280000,0x00000000f3280000,0x00000000f4200000)
 ParOldGen       total 50176K, used 49749K [0x00000000c0000000, 0x00000000c3100000, 0x00000000eab00000)
  object space 50176K, 99% used [0x00000000c0000000,0x00000000c3095490,0x00000000c3100000)
 Metaspace       used 5843K, capacity 7024K, committed 7296K, reserved 1056768K
  class space    used 559K, capacity 616K, committed 640K, reserved 1048576K

Card table byte_map: [0x00007f2dbe3b8000,0x00007f2dbe5b9000] byte_map_base: 0x00007f2dbddb8000

Marking Bits: (ParMarkBitMap*) 0x00007f2dc0bea1a0
 Begin Bits: [0x00007f2da7000000, 0x00007f2da8000000)
 End Bits:   [0x00007f2da8000000, 0x00007f2da9000000)

Polling page: 0x00007f2dc183a000

CodeCache: size=245760Kb used=5657Kb max_used=5657Kb free=240102Kb
 bounds [0x00007f2da9000000, 0x00007f2da9590000, 0x00007f2db8000000]
 total_blobs=1655 nmethods=1394 adapters=175
 compilation: enabled

Compilation events (10 events):
Event: 8,938 Thread 0x00007f2db80bd000 nmethod 1663 0x00007f2da957d0d0 code [0x00007f2da957d220, 0x00007f2da957d370]
Event: 8,938 Thread 0x00007f2db80bd000 1665       2       com.android.dx.cf.direct.DirectClassFile::parseToEndIfNecessary (12 bytes)
Event: 8,938 Thread 0x00007f2db80bd000 nmethod 1665 0x00007f2da9583e50 code [0x00007f2da9583fc0, 0x00007f2da9584148]
Event: 8,949 Thread 0x00007f2db80bd000 1666       3       com.android.dx.ssa.back.FirstFitLocalCombiningAllocator::tryMapRegs (110 bytes)
Event: 8,951 Thread 0x00007f2db80bd000 nmethod 1666 0x00007f2da95841d0 code [0x00007f2da9584420, 0x00007f2da9585198]
Event: 8,951 Thread 0x00007f2db80bd000 1668       2       com.android.dx.ssa.SsaMethod::setBackMode (16 bytes)
Event: 8,951 Thread 0x00007f2db80bd000 nmethod 1668 0x00007f2da9585950 code [0x00007f2da9585aa0, 0x00007f2da9585c10]
Event: 8,993 Thread 0x00007f2db80bd000 1681 %     3       com.android.dx.ssa.DeadCodeRemover::run @ 30 (194 bytes)
Event: 8,995 Thread 0x00007f2db80bd000 nmethod 1681% 0x00007f2da9585c90 code [0x00007f2da9586020, 0x00007f2da9587e68]
Event: 8,995 Thread 0x00007f2db80bd000 1685 %     3       com.android.dx.util.FixedSizeList::shrinkToFit @ 10 (103 bytes)

GC Heap History (10 events):
Event: 2,569 GC heap after
Heap after GC invocations=2 (full 0):
 PSYoungGen      total 33280K, used 2534K [0x00000000eab00000, 0x00000000ece00000, 0x0000000100000000)
  eden space 30720K, 0% used [0x00000000eab00000,0x00000000eab00000,0x00000000ec900000)
  from space 2560K, 98% used [0x00000000ecb80000,0x00000000ecdf98b0,0x00000000ece00000)
  to   space 2560K, 0% used [0x00000000ec900000,0x00000000ec900000,0x00000000ecb80000)
 ParOldGen       total 40960K, used 4774K [0x00000000c0000000, 0x00000000c2800000, 0x00000000eab00000)
  object space 40960K, 11% used [0x00000000c0000000,0x00000000c04a9860,0x00000000c2800000)
 Metaspace       used 5509K, capacity 6704K, committed 6784K, reserved 1056768K
  class space    used 552K, capacity 616K, committed 640K, reserved 1048576K
}
Event: 3,917 GC heap before
{Heap before GC invocations=3 (full 0):
 PSYoungGen      total 33280K, used 33254K [0x00000000eab00000, 0x00000000ece00000, 0x0000000100000000)
  eden space 30720K, 100% used [0x00000000eab00000,0x00000000ec900000,0x00000000ec900000)
  from space 2560K, 98% used [0x00000000ecb80000,0x00000000ecdf98b0,0x00000000ece00000)
  to   space 2560K, 0% used [0x00000000ec900000,0x00000000ec900000,0x00000000ecb80000)
 ParOldGen       total 40960K, used 4774K [0x00000000c0000000, 0x00000000c2800000, 0x00000000eab00000)
  object space 40960K, 11% used [0x00000000c0000000,0x00000000c04a9860,0x00000000c2800000)
 Metaspace       used 5549K, capacity 6768K, committed 7040K, reserved 1056768K
  class space    used 552K, capacity 616K, committed 640K, reserved 1048576K
Event: 3,960 GC heap after
Heap after GC invocations=3 (full 0):
 PSYoungGen      total 33280K, used 2534K [0x00000000eab00000, 0x00000000eec00000, 0x0000000100000000)
  eden space 30720K, 0% used [0x00000000eab00000,0x00000000eab00000,0x00000000ec900000)
  from space 2560K, 98% used [0x00000000ec900000,0x00000000ecb798b0,0x00000000ecb80000)
  to   space 2560K, 0% used [0x00000000ee980000,0x00000000ee980000,0x00000000eec00000)
 ParOldGen       total 40960K, used 14184K [0x00000000c0000000, 0x00000000c2800000, 0x00000000eab00000)
  object space 40960K, 34% used [0x00000000c0000000,0x00000000c0dda350,0x00000000c2800000)
 Metaspace       used 5549K, capacity 6768K, committed 7040K, reserved 1056768K
  class space    used 552K, capacity 616K, committed 640K, reserved 1048576K
}
Event: 4,705 GC heap before
{Heap before GC invocations=4 (full 0):
 PSYoungGen      total 33280K, used 33254K [0x00000000eab00000, 0x00000000eec00000, 0x0000000100000000)
  eden space 30720K, 100% used [0x00000000eab00000,0x00000000ec900000,0x00000000ec900000)
  from space 2560K, 98% used [0x00000000ec900000,0x00000000ecb798b0,0x00000000ecb80000)
  to   space 2560K, 0% used [0x00000000ee980000,0x00000000ee980000,0x00000000eec00000)
 ParOldGen       total 40960K, used 14306K [0x00000000c0000000, 0x00000000c2800000, 0x00000000eab00000)
  object space 40960K, 34% used [0x00000000c0000000,0x00000000c0df8910,0x00000000c2800000)
 Metaspace       used 5549K, capacity 6768K, committed 7040K, reserved 1056768K
  class space    used 552K, capacity 616K, committed 640K, reserved 1048576K
Event: 5,073 GC heap after
Heap after GC invocations=4 (full 0):
 PSYoungGen      total 64000K, used 2534K [0x00000000eab00000, 0x00000000eec00000, 0x0000000100000000)
  eden space 61440K, 0% used [0x00000000eab00000,0x00000000eab00000,0x00000000ee700000)
  from space 2560K, 98% used [0x00000000ee980000,0x00000000eebf98a0,0x00000000eec00000)
  to   space 2560K, 0% used [0x00000000ee700000,0x00000000ee700000,0x00000000ee980000)
 ParOldGen       total 40960K, used 23753K [0x00000000c0000000, 0x00000000c2800000, 0x00000000eab00000)
  object space 40960K, 57% used [0x00000000c0000000,0x00000000c1732658,0x00000000c2800000)
 Metaspace       used 5549K, capacity 6768K, committed 7040K, reserved 1056768K
  class space    used 552K, capacity 616K, committed 640K, reserved 1048576K
}
Event: 5,082 GC heap before
{Heap before GC invocations=5 (full 0):
 PSYoungGen      total 64000K, used 4286K [0x00000000eab00000, 0x00000000eec00000, 0x0000000100000000)
  eden space 61440K, 2% used [0x00000000eab00000,0x00000000eacb6038,0x00000000ee700000)
  from space 2560K, 98% used [0x00000000ee980000,0x00000000eebf98a0,0x00000000eec00000)
  to   space 2560K, 0% used [0x00000000ee700000,0x00000000ee700000,0x00000000ee980000)
 ParOldGen       total 40960K, used 23753K [0x00000000c0000000, 0x00000000c2800000, 0x00000000eab00000)
  object space 40960K, 57% used [0x00000000c0000000,0x00000000c1732658,0x00000000c2800000)
 Metaspace       used 5549K, capacity 6768K, committed 7040K, reserved 1056768K
  class space    used 552K, capacity 616K, committed 640K, reserved 1048576K
Event: 5,123 GC heap after
Heap after GC invocations=5 (full 0):
 PSYoungGen      total 64000K, used 2536K [0x00000000eab00000, 0x00000000f4200000, 0x0000000100000000)
  eden space 61440K, 0% used [0x00000000eab00000,0x00000000eab00000,0x00000000ee700000)
  from space 2560K, 99% used [0x00000000ee700000,0x00000000ee97a268,0x00000000ee980000)
  to   space 15872K, 0% used [0x00000000f3280000,0x00000000f3280000,0x00000000f4200000)
 ParOldGen       total 40960K, used 23857K [0x00000000c0000000, 0x00000000c2800000, 0x00000000eab00000)
  object space 40960K, 58% used [0x00000000c0000000,0x00000000c174c658,0x00000000c2800000)
 Metaspace       used 5549K, capacity 6768K, committed 7040K, reserved 1056768K
  class space    used 552K, capacity 616K, committed 640K, reserved 1048576K
}
Event: 6,906 GC heap before
{Heap before GC invocations=6 (full 0):
 PSYoungGen      total 64000K, used 63976K [0x00000000eab00000, 0x00000000f4200000, 0x0000000100000000)
  eden space 61440K, 100% used [0x00000000eab00000,0x00000000ee700000,0x00000000ee700000)
  from space 2560K, 99% used [0x00000000ee700000,0x00000000ee97a268,0x00000000ee980000)
  to   space 15872K, 0% used [0x00000000f3280000,0x00000000f3280000,0x00000000f4200000)
 ParOldGen       total 40960K, used 23857K [0x00000000c0000000, 0x00000000c2800000, 0x00000000eab00000)
  object space 40960K, 58% used [0x00000000c0000000,0x00000000c174c658,0x00000000c2800000)
 Metaspace       used 5702K, capacity 6896K, committed 7040K, reserved 1056768K
  class space    used 558K, capacity 616K, committed 640K, reserved 1048576K
Event: 7,062 GC heap after
Heap after GC invocations=6 (full 0):
 PSYoungGen      total 135680K, used 15146K [0x00000000eab00000, 0x00000000f4800000, 0x0000000100000000)
  eden space 119808K, 0% used [0x00000000eab00000,0x00000000eab00000,0x00000000f2000000)
  from space 15872K, 95% used [0x00000000f3280000,0x00000000f414ab78,0x00000000f4200000)
  to   space 18944K, 0% used [0x00000000f2000000,0x00000000f2000000,0x00000000f3280000)
 ParOldGen       total 40960K, used 23857K [0x00000000c0000000, 0x00000000c2800000, 0x00000000eab00000)
  object space 40960K, 58% used [0x00000000c0000000,0x00000000c174c658,0x00000000c2800000)
 Metaspace       used 5702K, capacity 6896K, committed 7040K, reserved 1056768K
  class space    used 558K, capacity 616K, committed 640K, reserved 1048576K
}
Event: 9,070 GC heap before
{Heap before GC invocations=7 (full 0):
 PSYoungGen      total 135680K, used 134954K [0x00000000eab00000, 0x00000000f4800000, 0x0000000100000000)
  eden space 119808K, 100% used [0x00000000eab00000,0x00000000f2000000,0x00000000f2000000)
  from space 15872K, 95% used [0x00000000f3280000,0x00000000f414ab78,0x00000000f4200000)
  to   space 18944K, 0% used [0x00000000f2000000,0x00000000f2000000,0x00000000f3280000)
 ParOldGen       total 40960K, used 23857K [0x00000000c0000000, 0x00000000c2800000, 0x00000000eab00000)
  object space 40960K, 58% used [0x00000000c0000000,0x00000000c174c658,0x00000000c2800000)
 Metaspace       used 5843K, capacity 7024K, committed 7296K, reserved 1056768K
  class space    used 559K, capacity 616K, committed 640K, reserved 1048576K

Deoptimization events (6 events):
Event: 0,503 Thread 0x00007f2db800a000 Uncommon trap: reason=unstable_if action=reinterpret pc=0x00007f2da913d884 method=java.lang.String.indexOf(II)I @ 49
Event: 1,296 Thread 0x00007f2db815c800 Uncommon trap: reason=unstable_if action=reinterpret pc=0x00007f2da91d5100 method=java.util.HashMap.getNode(ILjava/lang/Object;)Ljava/util/HashMap$Node; @ 129
Event: 1,678 Thread 0x00007f2db815e000 Uncommon trap: reason=unstable_if action=reinterpret pc=0x00007f2da92064bc method=java.util.BitSet.ensureCapacity(I)V @ 6
Event: 3,730 Thread 0x00007f2db8147000 Uncommon trap: reason=null_check action=make_not_entrant pc=0x00007f2da92b634c method=com.android.dx.ssa.SsaRenamer.getLocalForNewReg(I)Lcom/android/dx/rop/code/LocalItem; @ 19
Event: 5,169 Thread 0x00007f2db800a000 Uncommon trap: reason=unstable_if action=reinterpret pc=0x00007f2da91aa7b4 method=java.lang.String.<init>([CII)V @ 18
Event: 6,411 Thread 0x00007f2db800a000 Uncommon trap: reason=unstable_if action=reinterpret pc=0x00007f2da91b4c48 method=java.lang.String.<init>([CII)V @ 18

Internal exceptions (3 events):
Event: 0,112 Thread 0x00007f2db800a000 Exception <a 'java/lang/NoSuchMethodError': Method sun.misc.Unsafe.defineClass(Ljava/lang/String;[BII)Ljava/lang/Class; name or signature does not match> (0x00000000eab07cc0) thrown at [/ssd/Android/AOSP-openjdk/external/jetbrains/jdk/hotspot/src/share/vm
Event: 0,112 Thread 0x00007f2db800a000 Exception <a 'java/lang/NoSuchMethodError': Method sun.misc.Unsafe.prefetchRead(Ljava/lang/Object;J)V name or signature does not match> (0x00000000eab07fa8) thrown at [/ssd/Android/AOSP-openjdk/external/jetbrains/jdk/hotspot/src/share/vm/prims/jni.cpp, li
Event: 3,730 Thread 0x00007f2db8147000 Implicit null exception at 0x00007f2da92b3d29 to 0x00007f2da92b632d

Events (10 events):
Event: 8,368 Thread 0x00007f2db815c800 DEOPT UNPACKING pc=0x00007f2da9047373 sp=0x00007f2da6197e68 mode 0
Event: 8,369 Thread 0x00007f2db815c800 DEOPT PACKING pc=0x00007f2da9451be2 sp=0x00007f2da61980b0
Event: 8,369 Thread 0x00007f2db815c800 DEOPT UNPACKING pc=0x00007f2da9047373 sp=0x00007f2da6197e68 mode 0
Event: 8,388 Thread 0x00007f2db800a000 DEOPT PACKING pc=0x00007f2da94a3061 sp=0x00007f2dc180e5c0
Event: 8,388 Thread 0x00007f2db800a000 DEOPT UNPACKING pc=0x00007f2da9047373 sp=0x00007f2dc180e3c8 mode 0
Event: 8,584 Thread 0x00007f2db815e000 DEOPT PACKING pc=0x00007f2da947c0ad sp=0x00007f2da60971f0
Event: 8,584 Thread 0x00007f2db815e000 DEOPT UNPACKING pc=0x00007f2da9047373 sp=0x00007f2da6096ef0 mode 0
Event: 8,613 Thread 0x00007f2db8159000 DEOPT PACKING pc=0x00007f2da9475199 sp=0x00007f2da62991e0
Event: 8,613 Thread 0x00007f2db8159000 DEOPT UNPACKING pc=0x00007f2da9047373 sp=0x00007f2da6298ef0 mode 0
Event: 8,996 Executing VM operation: ParallelGCFailedAllocation


Dynamic libraries:
00400000-00401000 r-xp 00000000 00:2a 1049203                            /home/juergen/Android/android-studio/jre/bin/java
00600000-00601000 r--p 00000000 00:2a 1049203                            /home/juergen/Android/android-studio/jre/bin/java
00601000-00602000 rw-p 00001000 00:2a 1049203                            /home/juergen/Android/android-studio/jre/bin/java
01923000-01944000 rw-p 00000000 00:00 0                                  [heap]
c0000000-c3100000 rw-p 00000000 00:00 0 
c3100000-eab00000 ---p 00000000 00:00 0 
eab00000-f4800000 rw-p 00000000 00:00 0 
fdb00000-100000000 ---p 00000000 00:00 0 
100000000-1000a0000 rw-p 00000000 00:00 0 
1000a0000-140000000 ---p 00000000 00:00 0 
7f2d58000000-7f2d5804b000 rw-p 00000000 00:00 0 
7f2d5804b000-7f2d5c000000 ---p 00000000 00:00 0 
7f2d60000000-7f2d600d5000 rw-p 00000000 00:00 0 
7f2d600d5000-7f2d64000000 ---p 00000000 00:00 0 
7f2d64000000-7f2d64075000 rw-p 00000000 00:00 0 
7f2d64075000-7f2d68000000 ---p 00000000 00:00 0 
7f2d68000000-7f2d68056000 rw-p 00000000 00:00 0 
7f2d68056000-7f2d6c000000 ---p 00000000 00:00 0 
7f2d6c000000-7f2d6c021000 rw-p 00000000 00:00 0 
7f2d6c021000-7f2d70000000 ---p 00000000 00:00 0 
7f2d70000000-7f2d70021000 rw-p 00000000 00:00 0 
7f2d70021000-7f2d74000000 ---p 00000000 00:00 0 
7f2d74000000-7f2d74021000 rw-p 00000000 00:00 0 
7f2d74021000-7f2d78000000 ---p 00000000 00:00 0 
7f2d78000000-7f2d78a07000 rw-p 00000000 00:00 0 
7f2d78a07000-7f2d7c000000 ---p 00000000 00:00 0 
7f2d7c000000-7f2d7c978000 rw-p 00000000 00:00 0 
7f2d7c978000-7f2d80000000 ---p 00000000 00:00 0 
7f2d80000000-7f2d80021000 rw-p 00000000 00:00 0 
7f2d80021000-7f2d84000000 ---p 00000000 00:00 0 
7f2d84000000-7f2d84c50000 rw-p 00000000 00:00 0 
7f2d84c50000-7f2d88000000 ---p 00000000 00:00 0 
7f2d88000000-7f2d88021000 rw-p 00000000 00:00 0 
7f2d88021000-7f2d8c000000 ---p 00000000 00:00 0 
7f2d8c000000-7f2d8c021000 rw-p 00000000 00:00 0 
7f2d8c021000-7f2d90000000 ---p 00000000 00:00 0 
7f2d90000000-7f2d90021000 rw-p 00000000 00:00 0 
7f2d90021000-7f2d94000000 ---p 00000000 00:00 0 
7f2d94000000-7f2d94288000 rw-p 00000000 00:00 0 
7f2d94288000-7f2d98000000 ---p 00000000 00:00 0 
7f2d98000000-7f2d98021000 rw-p 00000000 00:00 0 
7f2d98021000-7f2d9c000000 ---p 00000000 00:00 0 
7f2d9c000000-7f2d9c021000 rw-p 00000000 00:00 0 
7f2d9c021000-7f2da0000000 ---p 00000000 00:00 0 
7f2da0000000-7f2da0021000 rw-p 00000000 00:00 0 
7f2da0021000-7f2da4000000 ---p 00000000 00:00 0 
7f2da5f98000-7f2da5f9b000 ---p 00000000 00:00 0 
7f2da5f9b000-7f2da6099000 rw-p 00000000 00:00 0 
7f2da6099000-7f2da609c000 ---p 00000000 00:00 0 
7f2da609c000-7f2da619a000 rw-p 00000000 00:00 0 
7f2da619a000-7f2da619d000 ---p 00000000 00:00 0 
7f2da619d000-7f2da629b000 rw-p 00000000 00:00 0 
7f2da629b000-7f2da629e000 ---p 00000000 00:00 0 
7f2da629e000-7f2da639c000 rw-p 00000000 00:00 0 
7f2da639c000-7f2da639f000 ---p 00000000 00:00 0 
7f2da639f000-7f2da649d000 rw-p 00000000 00:00 0 
7f2da649d000-7f2da649e000 ---p 00000000 00:00 0 
7f2da649e000-7f2da659e000 rw-p 00000000 00:00 0 
7f2da659e000-7f2da65a1000 ---p 00000000 00:00 0 
7f2da65a1000-7f2da669f000 rw-p 00000000 00:00 0 
7f2da669f000-7f2da66a2000 ---p 00000000 00:00 0 
7f2da66a2000-7f2da67a0000 rw-p 00000000 00:00 0 
7f2da67a0000-7f2da67a3000 ---p 00000000 00:00 0 
7f2da67a3000-7f2da68a1000 rw-p 00000000 00:00 0 
7f2da68a1000-7f2da68a4000 ---p 00000000 00:00 0 
7f2da68a4000-7f2da69a2000 rw-p 00000000 00:00 0 
7f2da69a2000-7f2da69a5000 ---p 00000000 00:00 0 
7f2da69a5000-7f2da6aa3000 rw-p 00000000 00:00 0 
7f2da6aa3000-7f2da6eff000 r--p 00000000 08:01 262312                     /usr/lib/locale/locale-archive
7f2da6eff000-7f2da6f02000 ---p 00000000 00:00 0 
7f2da6f02000-7f2da9000000 rw-p 00000000 00:00 0 
7f2da9000000-7f2da9590000 rwxp 00000000 00:00 0 
7f2da9590000-7f2db8000000 ---p 00000000 00:00 0 
7f2db8000000-7f2db8387000 rw-p 00000000 00:00 0 
7f2db8387000-7f2dbc000000 ---p 00000000 00:00 0 
7f2dbc031000-7f2dbc057000 r--p 00000000 08:01 290954                     /usr/share/locale-langpack/de/LC_MESSAGES/libc.mo
7f2dbc057000-7f2dbc065000 r--s 000e0000 00:2a 7344370                    /home/juergen/Android/Sdk/build-tools/24.0.3/lib/dx.jar
7f2dbc065000-7f2dbc068000 ---p 00000000 00:00 0 
7f2dbc068000-7f2dbc166000 rw-p 00000000 00:00 0 
7f2dbc166000-7f2dbc167000 ---p 00000000 00:00 0 
7f2dbc167000-7f2dbd21b000 rw-p 00000000 00:00 0 
7f2dbd21b000-7f2dbd3e8000 r--s 03bec000 00:2a 1049260                    /home/juergen/Android/android-studio/jre/jre/lib/rt.jar
7f2dbd3e8000-7f2dbdade000 rw-p 00000000 00:00 0 
7f2dbdade000-7f2dbdc5e000 ---p 00000000 00:00 0 
7f2dbdc5e000-7f2dbde5e000 rw-p 00000000 00:00 0 
7f2dbde5e000-7f2dbde5f000 ---p 00000000 00:00 0 
7f2dbde5f000-7f2dbdf5f000 rw-p 00000000 00:00 0 
7f2dbdf5f000-7f2dbdf60000 ---p 00000000 00:00 0 
7f2dbdf60000-7f2dbe060000 rw-p 00000000 00:00 0 
7f2dbe060000-7f2dbe061000 ---p 00000000 00:00 0 
7f2dbe061000-7f2dbe161000 rw-p 00000000 00:00 0 
7f2dbe161000-7f2dbe162000 ---p 00000000 00:00 0 
7f2dbe162000-7f2dbe27b000 rw-p 00000000 00:00 0 
7f2dbe27b000-7f2dbe3b8000 ---p 00000000 00:00 0 
7f2dbe3b8000-7f2dbe3d1000 rw-p 00000000 00:00 0 
7f2dbe3d1000-7f2dbe50d000 ---p 00000000 00:00 0 
7f2dbe50d000-7f2dbe55c000 rw-p 00000000 00:00 0 
7f2dbe55c000-7f2dbe5b8000 ---p 00000000 00:00 0 
7f2dbe5b8000-7f2dbe5d0000 rw-p 00000000 00:00 0 
7f2dbe5d0000-7f2dbe979000 ---p 00000000 00:00 0 
7f2dbe979000-7f2dbe993000 r-xp 00000000 00:2a 1049287                    /home/juergen/Android/android-studio/jre/jre/lib/amd64/libzip.so
7f2dbe993000-7f2dbeb93000 ---p 0001a000 00:2a 1049287                    /home/juergen/Android/android-studio/jre/jre/lib/amd64/libzip.so
7f2dbeb93000-7f2dbeb94000 r--p 0001a000 00:2a 1049287                    /home/juergen/Android/android-studio/jre/jre/lib/amd64/libzip.so
7f2dbeb94000-7f2dbeb95000 rw-p 0001b000 00:2a 1049287                    /home/juergen/Android/android-studio/jre/jre/lib/amd64/libzip.so
7f2dbeb95000-7f2dbeba0000 r-xp 00000000 08:01 4068                       /lib/x86_64-linux-gnu/libnss_files-2.23.so
7f2dbeba0000-7f2dbed9f000 ---p 0000b000 08:01 4068                       /lib/x86_64-linux-gnu/libnss_files-2.23.so
7f2dbed9f000-7f2dbeda0000 r--p 0000a000 08:01 4068                       /lib/x86_64-linux-gnu/libnss_files-2.23.so
7f2dbeda0000-7f2dbeda1000 rw-p 0000b000 08:01 4068                       /lib/x86_64-linux-gnu/libnss_files-2.23.so
7f2dbeda1000-7f2dbeda7000 rw-p 00000000 00:00 0 
7f2dbeda7000-7f2dbedb2000 r-xp 00000000 08:01 4043                       /lib/x86_64-linux-gnu/libnss_nis-2.23.so
7f2dbedb2000-7f2dbefb1000 ---p 0000b000 08:01 4043                       /lib/x86_64-linux-gnu/libnss_nis-2.23.so
7f2dbefb1000-7f2dbefb2000 r--p 0000a000 08:01 4043                       /lib/x86_64-linux-gnu/libnss_nis-2.23.so
7f2dbefb2000-7f2dbefb3000 rw-p 0000b000 08:01 4043                       /lib/x86_64-linux-gnu/libnss_nis-2.23.so
7f2dbefb3000-7f2dbefc9000 r-xp 00000000 08:01 4064                       /lib/x86_64-linux-gnu/libnsl-2.23.so
7f2dbefc9000-7f2dbf1c8000 ---p 00016000 08:01 4064                       /lib/x86_64-linux-gnu/libnsl-2.23.so
7f2dbf1c8000-7f2dbf1c9000 r--p 00015000 08:01 4064                       /lib/x86_64-linux-gnu/libnsl-2.23.so
7f2dbf1c9000-7f2dbf1ca000 rw-p 00016000 08:01 4064                       /lib/x86_64-linux-gnu/libnsl-2.23.so
7f2dbf1ca000-7f2dbf1cc000 rw-p 00000000 00:00 0 
7f2dbf1cc000-7f2dbf1d4000 r-xp 00000000 08:01 4065                       /lib/x86_64-linux-gnu/libnss_compat-2.23.so
7f2dbf1d4000-7f2dbf3d3000 ---p 00008000 08:01 4065                       /lib/x86_64-linux-gnu/libnss_compat-2.23.so
7f2dbf3d3000-7f2dbf3d4000 r--p 00007000 08:01 4065                       /lib/x86_64-linux-gnu/libnss_compat-2.23.so
7f2dbf3d4000-7f2dbf3d5000 rw-p 00008000 08:01 4065                       /lib/x86_64-linux-gnu/libnss_compat-2.23.so
7f2dbf3d5000-7f2dbf402000 r-xp 00000000 00:2a 1049297                    /home/juergen/Android/android-studio/jre/jre/lib/amd64/libjava.so
7f2dbf402000-7f2dbf601000 ---p 0002d000 00:2a 1049297                    /home/juergen/Android/android-studio/jre/jre/lib/amd64/libjava.so
7f2dbf601000-7f2dbf602000 r--p 0002c000 00:2a 1049297                    /home/juergen/Android/android-studio/jre/jre/lib/amd64/libjava.so
7f2dbf602000-7f2dbf604000 rw-p 0002d000 00:2a 1049297                    /home/juergen/Android/android-studio/jre/jre/lib/amd64/libjava.so
7f2dbf604000-7f2dbf614000 r-xp 00000000 00:2a 1049313                    /home/juergen/Android/android-studio/jre/jre/lib/amd64/libverify.so
7f2dbf614000-7f2dbf813000 ---p 00010000 00:2a 1049313                    /home/juergen/Android/android-studio/jre/jre/lib/amd64/libverify.so
7f2dbf813000-7f2dbf815000 r--p 0000f000 00:2a 1049313                    /home/juergen/Android/android-studio/jre/jre/lib/amd64/libverify.so
7f2dbf815000-7f2dbf816000 rw-p 00011000 00:2a 1049313                    /home/juergen/Android/android-studio/jre/jre/lib/amd64/libverify.so
7f2dbf816000-7f2dbf81d000 r-xp 00000000 08:01 4041                       /lib/x86_64-linux-gnu/librt-2.23.so
7f2dbf81d000-7f2dbfa1c000 ---p 00007000 08:01 4041                       /lib/x86_64-linux-gnu/librt-2.23.so
7f2dbfa1c000-7f2dbfa1d000 r--p 00006000 08:01 4041                       /lib/x86_64-linux-gnu/librt-2.23.so
7f2dbfa1d000-7f2dbfa1e000 rw-p 00007000 08:01 4041                       /lib/x86_64-linux-gnu/librt-2.23.so
7f2dbfa1e000-7f2dbfb26000 r-xp 00000000 08:01 4061                       /lib/x86_64-linux-gnu/libm-2.23.so
7f2dbfb26000-7f2dbfd25000 ---p 00108000 08:01 4061                       /lib/x86_64-linux-gnu/libm-2.23.so
7f2dbfd25000-7f2dbfd26000 r--p 00107000 08:01 4061                       /lib/x86_64-linux-gnu/libm-2.23.so
7f2dbfd26000-7f2dbfd27000 rw-p 00108000 08:01 4061                       /lib/x86_64-linux-gnu/libm-2.23.so
7f2dbfd27000-7f2dc090d000 r-xp 00000000 00:2a 1049317                    /home/juergen/Android/android-studio/jre/jre/lib/amd64/server/libjvm.so
7f2dc090d000-7f2dc0b0d000 ---p 00be6000 00:2a 1049317                    /home/juergen/Android/android-studio/jre/jre/lib/amd64/server/libjvm.so
7f2dc0b0d000-7f2dc0bac000 r--p 00be6000 00:2a 1049317                    /home/juergen/Android/android-studio/jre/jre/lib/amd64/server/libjvm.so
7f2dc0bac000-7f2dc0bd5000 rw-p 00c85000 00:2a 1049317                    /home/juergen/Android/android-studio/jre/jre/lib/amd64/server/libjvm.so
7f2dc0bd5000-7f2dc0c17000 rw-p 00000000 00:00 0 
7f2dc0c17000-7f2dc0c2f000 r-xp 00000000 08:01 4063                       /lib/x86_64-linux-gnu/libpthread-2.23.so
7f2dc0c2f000-7f2dc0e2e000 ---p 00018000 08:01 4063                       /lib/x86_64-linux-gnu/libpthread-2.23.so
7f2dc0e2e000-7f2dc0e2f000 r--p 00017000 08:01 4063                       /lib/x86_64-linux-gnu/libpthread-2.23.so
7f2dc0e2f000-7f2dc0e30000 rw-p 00018000 08:01 4063                       /lib/x86_64-linux-gnu/libpthread-2.23.so
7f2dc0e30000-7f2dc0e34000 rw-p 00000000 00:00 0 
7f2dc0e34000-7f2dc0e37000 r-xp 00000000 08:01 4049                       /lib/x86_64-linux-gnu/libdl-2.23.so
7f2dc0e37000-7f2dc1036000 ---p 00003000 08:01 4049                       /lib/x86_64-linux-gnu/libdl-2.23.so
7f2dc1036000-7f2dc1037000 r--p 00002000 08:01 4049                       /lib/x86_64-linux-gnu/libdl-2.23.so
7f2dc1037000-7f2dc1038000 rw-p 00003000 08:01 4049                       /lib/x86_64-linux-gnu/libdl-2.23.so
7f2dc1038000-7f2dc11f7000 r-xp 00000000 08:01 4051                       /lib/x86_64-linux-gnu/libc-2.23.so
7f2dc11f7000-7f2dc13f7000 ---p 001bf000 08:01 4051                       /lib/x86_64-linux-gnu/libc-2.23.so
7f2dc13f7000-7f2dc13fb000 r--p 001bf000 08:01 4051                       /lib/x86_64-linux-gnu/libc-2.23.so
7f2dc13fb000-7f2dc13fd000 rw-p 001c3000 08:01 4051                       /lib/x86_64-linux-gnu/libc-2.23.so
7f2dc13fd000-7f2dc1401000 rw-p 00000000 00:00 0 
7f2dc1401000-7f2dc1417000 r-xp 00000000 00:2a 1049177                    /home/juergen/Android/android-studio/jre/lib/amd64/jli/libjli.so
7f2dc1417000-7f2dc1616000 ---p 00016000 00:2a 1049177                    /home/juergen/Android/android-studio/jre/lib/amd64/jli/libjli.so
7f2dc1616000-7f2dc1617000 r--p 00015000 00:2a 1049177                    /home/juergen/Android/android-studio/jre/lib/amd64/jli/libjli.so
7f2dc1617000-7f2dc1618000 rw-p 00016000 00:2a 1049177                    /home/juergen/Android/android-studio/jre/lib/amd64/jli/libjli.so
7f2dc1618000-7f2dc163e000 r-xp 00000000 08:01 4029                       /lib/x86_64-linux-gnu/ld-2.23.so
7f2dc1640000-7f2dc1710000 rw-p 00000000 00:00 0 
7f2dc1710000-7f2dc1713000 ---p 00000000 00:00 0 
7f2dc1713000-7f2dc1815000 rw-p 00000000 00:00 0 
7f2dc1816000-7f2dc181d000 r--s 00000000 08:01 408639                     /usr/lib/x86_64-linux-gnu/gconv/gconv-modules.cache
7f2dc181d000-7f2dc1831000 rw-p 00000000 00:00 0 
7f2dc1831000-7f2dc1839000 rw-s 00000000 08:01 209728                     /tmp/hsperfdata_juergen/7812
7f2dc1839000-7f2dc183a000 rw-p 00000000 00:00 0 
7f2dc183a000-7f2dc183b000 ---p 00000000 00:00 0 
7f2dc183b000-7f2dc183d000 rw-p 00000000 00:00 0 
7f2dc183d000-7f2dc183e000 r--p 00025000 08:01 4029                       /lib/x86_64-linux-gnu/ld-2.23.so
7f2dc183e000-7f2dc183f000 rw-p 00026000 08:01 4029                       /lib/x86_64-linux-gnu/ld-2.23.so
7f2dc183f000-7f2dc1840000 rw-p 00000000 00:00 0 
7ffcb8780000-7ffcb87a1000 rw-p 00000000 00:00 0                          [stack]
7ffcb87e7000-7ffcb87e9000 r--p 00000000 00:00 0                          [vvar]
7ffcb87e9000-7ffcb87eb000 r-xp 00000000 00:00 0                          [vdso]
ffffffffff600000-ffffffffff601000 r-xp 00000000 00:00 0                  [vsyscall]

VM Arguments:
jvm_args: -Djava.awt.headless=true -Xmx1024M -Dfile.encoding=UTF-8 -Duser.country=DE -Duser.language=de -Duser.variant 
java_command: com.android.dx.command.Main --dex --force-jumbo --num-threads=4 --multi-dex --output /home/juergen/Projekte/Android/Android_Studio/K9-MailClient/k9mail/build/intermediates/transforms/dex/debug/folders/1000/5/slice_1 /home/juergen/Projekte/Android/Android_Studio/K9-MailClient/k9mail/build/intermediates/transforms/instantRunSlicer/debug/folders/1/5/slice_1
java_class_path (initial): /home/juergen/Android/Sdk/build-tools/24.0.3/lib/dx.jar
Launcher Type: SUN_STANDARD

Environment Variables:
PATH=/usr/local/sbin:/usr/local/bin:/usr/sbin:/usr/bin:/sbin:/bin:/usr/games:/usr/local/games:/snap/bin
SHELL=/bin/bash
DISPLAY=:0

Signal Handlers:
SIGSEGV: [libjvm.so+0x9daac0], sa_mask[0]=11111111011111111101111111111110, sa_flags=SA_RESTART|SA_SIGINFO
SIGBUS: [libjvm.so+0x9daac0], sa_mask[0]=11111111011111111101111111111110, sa_flags=SA_RESTART|SA_SIGINFO
SIGFPE: [libjvm.so+0x840d90], sa_mask[0]=11111111011111111101111111111110, sa_flags=SA_RESTART|SA_SIGINFO
SIGPIPE: [libjvm.so+0x840d90], sa_mask[0]=11111111011111111101111111111110, sa_flags=SA_RESTART|SA_SIGINFO
SIGXFSZ: [libjvm.so+0x840d90], sa_mask[0]=11111111011111111101111111111110, sa_flags=SA_RESTART|SA_SIGINFO
SIGILL: [libjvm.so+0x840d90], sa_mask[0]=11111111011111111101111111111110, sa_flags=SA_RESTART|SA_SIGINFO
SIGUSR1: SIG_DFL, sa_mask[0]=00000000000000000000000000000000, sa_flags=none
SIGUSR2: [libjvm.so+0x840c60], sa_mask[0]=00100000000000000000000000000000, sa_flags=SA_RESTART|SA_SIGINFO
SIGHUP: [libjvm.so+0x840e50], sa_mask[0]=11111111011111111101111111111110, sa_flags=SA_RESTART|SA_SIGINFO
SIGINT: [libjvm.so+0x840e50], sa_mask[0]=11111111011111111101111111111110, sa_flags=SA_RESTART|SA_SIGINFO
SIGTERM: [libjvm.so+0x840e50], sa_mask[0]=11111111011111111101111111111110, sa_flags=SA_RESTART|SA_SIGINFO
SIGQUIT: [libjvm.so+0x840e50], sa_mask[0]=11111111011111111101111111111110, sa_flags=SA_RESTART|SA_SIGINFO


---------------  S Y S T E M  ---------------

OS:DISTRIB_ID=Ubuntu
DISTRIB_RELEASE=16.04
DISTRIB_CODENAME=xenial
DISTRIB_DESCRIPTION="Ubuntu 16.04.1 LTS"

uname:Linux 4.4.0-59-generic #80-Ubuntu SMP Fri Jan 6 17:47:47 UTC 2017 x86_64
libc:glibc 2.23 NPTL 2.23 
rlimit: STACK 8192k, CORE 0k, NPROC 15060, NOFILE 65536, AS infinity
load average:5,82 3,10 2,23

/proc/meminfo:
MemTotal:        3896036 kB
MemFree:          110872 kB
MemAvailable:      35596 kB
Buffers:             424 kB
Cached:           168940 kB
SwapCached:          624 kB
Active:          2842964 kB
Inactive:         691508 kB
Active(anon):    2832316 kB
Inactive(anon):   682972 kB
Active(file):      10648 kB
Inactive(file):     8536 kB
Unevictable:          48 kB
Mlocked:              48 kB
SwapTotal:       1950204 kB
SwapFree:             44 kB
Dirty:               164 kB
Writeback:             0 kB
AnonPages:       3365284 kB
Mapped:            72224 kB
Shmem:            149844 kB
Slab:             148580 kB
SReclaimable:      74668 kB
SUnreclaim:        73912 kB
KernelStack:       15360 kB
PageTables:        48936 kB
NFS_Unstable:          0 kB
Bounce:                0 kB
WritebackTmp:          0 kB
CommitLimit:     3898220 kB
Committed_AS:    9606236 kB
VmallocTotal:   34359738367 kB
VmallocUsed:           0 kB
VmallocChunk:          0 kB
HardwareCorrupted:     0 kB
AnonHugePages:   1001472 kB
CmaTotal:              0 kB
CmaFree:               0 kB
HugePages_Total:       0
HugePages_Free:        0
HugePages_Rsvd:        0
HugePages_Surp:        0
Hugepagesize:       2048 kB
DirectMap4k:      119040 kB
DirectMap2M:     3923968 kB


CPU:total 4 (2 cores per cpu, 2 threads per core) family 6 model 42 stepping 7, cmov, cx8, fxsr, mmx, sse, sse2, sse3, ssse3, sse4.1, sse4.2, popcnt, avx, aes, clmul, ht, tsc, tscinvbit

/proc/cpuinfo:
processor	: 0
vendor_id	: GenuineIntel
cpu family	: 6
model		: 42
model name	: Intel(R) Core(TM) i5-2430M CPU @ 2.40GHz
stepping	: 7
microcode	: 0x29
cpu MHz		: 2615.625
cache size	: 3072 KB
physical id	: 0
siblings	: 4
core id		: 0
cpu cores	: 2
apicid		: 0
initial apicid	: 0
fpu		: yes
fpu_exception	: yes
cpuid level	: 13
wp		: yes
flags		: fpu vme de pse tsc msr pae mce cx8 apic sep mtrr pge mca cmov pat pse36 clflush dts acpi mmx fxsr sse sse2 ss ht tm pbe syscall nx rdtscp lm constant_tsc arch_perfmon pebs bts rep_good nopl xtopology nonstop_tsc aperfmperf eagerfpu pni pclmulqdq dtes64 monitor ds_cpl vmx est tm2 ssse3 cx16 xtpr pdcm pcid sse4_1 sse4_2 x2apic popcnt tsc_deadline_timer aes xsave avx lahf_lm epb tpr_shadow vnmi flexpriority ept vpid xsaveopt dtherm ida arat pln pts
bugs		:
bogomips	: 4789.06
clflush size	: 64
cache_alignment	: 64
address sizes	: 36 bits physical, 48 bits virtual
power management:

processor	: 1
vendor_id	: GenuineIntel
cpu family	: 6
model		: 42
model name	: Intel(R) Core(TM) i5-2430M CPU @ 2.40GHz
stepping	: 7
microcode	: 0x29
cpu MHz		: 2615.625
cache size	: 3072 KB
physical id	: 0
siblings	: 4
core id		: 0
cpu cores	: 2
apicid		: 1
initial apicid	: 1
fpu		: yes
fpu_exception	: yes
cpuid level	: 13
wp		: yes
flags		: fpu vme de pse tsc msr pae mce cx8 apic sep mtrr pge mca cmov pat pse36 clflush dts acpi mmx fxsr sse sse2 ss ht tm pbe syscall nx rdtscp lm constant_tsc arch_perfmon pebs bts rep_good nopl xtopology nonstop_tsc aperfmperf eagerfpu pni pclmulqdq dtes64 monitor ds_cpl vmx est tm2 ssse3 cx16 xtpr pdcm pcid sse4_1 sse4_2 x2apic popcnt tsc_deadline_timer aes xsave avx lahf_lm epb tpr_shadow vnmi flexpriority ept vpid xsaveopt dtherm ida arat pln pts
bugs		:
bogomips	: 4789.06
clflush size	: 64
cache_alignment	: 64
address sizes	: 36 bits physical, 48 bits virtual
power management:

processor	: 2
vendor_id	: GenuineIntel
cpu family	: 6
model		: 42
model name	: Intel(R) Core(TM) i5-2430M CPU @ 2.40GHz
stepping	: 7
microcode	: 0x29
cpu MHz		: 2624.156
cache size	: 3072 KB
physical id	: 0
siblings	: 4
core id		: 1
cpu cores	: 2
apicid		: 2
initial apicid	: 2
fpu		: yes
fpu_exception	: yes
cpuid level	: 13
wp		: yes
flags		: fpu vme de pse tsc msr pae mce cx8 apic sep mtrr pge mca cmov pat pse36 clflush dts acpi mmx fxsr sse sse2 ss ht tm pbe syscall nx rdtscp lm constant_tsc arch_perfmon pebs bts rep_good nopl xtopology nonstop_tsc aperfmperf eagerfpu pni pclmulqdq dtes64 monitor ds_cpl vmx est tm2 ssse3 cx16 xtpr pdcm pcid sse4_1 sse4_2 x2apic popcnt tsc_deadline_timer aes xsave avx lahf_lm epb tpr_shadow vnmi flexpriority ept vpid xsaveopt dtherm ida arat pln pts
bugs		:
bogomips	: 4789.06
clflush size	: 64
cache_alignment	: 64
address sizes	: 36 bits physical, 48 bits virtual
power management:

processor	: 3
vendor_id	: GenuineIntel
cpu family	: 6
model		: 42
model name	: Intel(R) Core(TM) i5-2430M CPU @ 2.40GHz
stepping	: 7
microcode	: 0x29
cpu MHz		: 2624.343
cache size	: 3072 KB
physical id	: 0
siblings	: 4
core id		: 1
cpu cores	: 2
apicid		: 3
initial apicid	: 3
fpu		: yes
fpu_exception	: yes
cpuid level	: 13
wp		: yes
flags		: fpu vme de pse tsc msr pae mce cx8 apic sep mtrr pge mca cmov pat pse36 clflush dts acpi mmx fxsr sse sse2 ss ht tm pbe syscall nx rdtscp lm constant_tsc arch_perfmon pebs bts rep_good nopl xtopology nonstop_tsc aperfmperf eagerfpu pni pclmulqdq dtes64 monitor ds_cpl vmx est tm2 ssse3 cx16 xtpr pdcm pcid sse4_1 sse4_2 x2apic popcnt tsc_deadline_timer aes xsave avx lahf_lm epb tpr_shadow vnmi flexpriority ept vpid xsaveopt dtherm ida arat pln pts
bugs		:
bogomips	: 4789.06
clflush size	: 64
cache_alignment	: 64
address sizes	: 36 bits physical, 48 bits virtual
power management:



Memory: 4k page, physical 3896036k(111960k free), swap 1950204k(0k free)

vm_info: OpenJDK 64-Bit Server VM (25.76-b03) for linux-amd64 JRE (1.8.0_76-release-b03), built on Jun 29 2016 09:39:19 by "builder" with gcc 4.8.4

time: Mon Jan 23 17:51:34 2017
elapsed time: 9 seconds (0d 0h 0m 9s)

